<?xml version="1.0" encoding="UTF-8"?>
<testsuite xmlns:xsi="http://www.w3.org/2001/XMLSchema-instance" xsi:noNamespaceSchemaLocation="https://maven.apache.org/surefire/maven-surefire-plugin/xsd/surefire-test-report.xsd" name="WikipediaTests" time="0.154" tests="20" errors="20" skipped="0" failures="0">
  <properties>
[...]
</properties>
  <testcase name="testEditPage" classname="WikipediaTests" time="0.073">
    <error message="The driver executable does not exist: /workspaces/test/demo/caminho/do/chromedriver" type="java.lang.IllegalStateException">java.lang.IllegalStateException: The driver executable does not exist: /workspaces/test/demo/caminho/do/chromedriver
	at WikipediaTests.setUp(WikipediaTests.java:19)
</error>
  </testcase>
  <testcase name="testEditPage" classname="WikipediaTests" time="0.074">
    <error message="Cannot invoke &quot;org.openqa.selenium.WebDriver.quit()&quot; because &quot;this.driver&quot; is null" type="java.lang.NullPointerException">java.lang.NullPointerException: Cannot invoke "org.openqa.selenium.WebDriver.quit()" because "this.driver" is null
	at WikipediaTests.tearDown(WikipediaTests.java:25)
</error>
  </testcase>
  <testcase name="testPageNavigation" classname="WikipediaTests" time="0">
    <error message="The driver executable does not exist: /workspaces/test/demo/caminho/do/chromedriver" type="java.lang.IllegalStateException">java.lang.IllegalStateException: The driver executable does not exist: /workspaces/test/demo/caminho/do/chromedriver
	at WikipediaTests.setUp(WikipediaTests.java:19)
</error>
  </testcase>
  <testcase name="testPageNavigation" classname="WikipediaTests" time="0.002">
    <error message="Cannot invoke &quot;org.openqa.selenium.WebDriver.quit()&quot; because &quot;this.driver&quot; is null" type="java.lang.NullPointerException">java.lang.NullPointerException: Cannot invoke "org.openqa.selenium.WebDriver.quit()" because "this.driver" is null
	at WikipediaTests.tearDown(WikipediaTests.java:25)
</error>
  </testcase>
  <testcase name="testBasicSearch" classname="WikipediaTests" time="0.002">
    <error message="The driver executable does not exist: /workspaces/test/demo/caminho/do/chromedriver" type="java.lang.IllegalStateException">java.lang.IllegalStateException: The driver executable does not exist: /workspaces/test/demo/caminho/do/chromedriver
	at WikipediaTests.setUp(WikipediaTests.java:19)
</error>
  </testcase>
  <testcase name="testBasicSearch" classname="WikipediaTests" time="0.003">
    <error message="Cannot invoke &quot;org.openqa.selenium.WebDriver.quit()&quot; because &quot;this.driver&quot; is null" type="java.lang.NullPointerException">java.lang.NullPointerException: Cannot invoke "org.openqa.selenium.WebDriver.quit()" because "this.driver" is null
	at WikipediaTests.tearDown(WikipediaTests.java:25)
</error>
  </testcase>
  <testcase name="testDiscussionPageAccess" classname="WikipediaTests" time="0.001">
    <error message="The driver executable does not exist: /workspaces/test/demo/caminho/do/chromedriver" type="java.lang.IllegalStateException">java.lang.IllegalStateException: The driver executable does not exist: /workspaces/test/demo/caminho/do/chromedriver
	at WikipediaTests.setUp(WikipediaTests.java:19)
</error>
  </testcase>
  <testcase name="testDiscussionPageAccess" classname="WikipediaTests" time="0.002">
    <error message="Cannot invoke &quot;org.openqa.selenium.WebDriver.quit()&quot; because &quot;this.driver&quot; is null" type="java.lang.NullPointerException">java.lang.NullPointerException: Cannot invoke "org.openqa.selenium.WebDriver.quit()" because "this.driver" is null
	at WikipediaTests.tearDown(WikipediaTests.java:25)
</error>
  </testcase>
  <testcase name="testImageDisplay" classname="WikipediaTests" time="0.002">
    <error message="The driver executable does not exist: /workspaces/test/demo/caminho/do/chromedriver" type="java.lang.IllegalStateException">java.lang.IllegalStateException: The driver executable does not exist: /workspaces/test/demo/caminho/do/chromedriver
	at WikipediaTests.setUp(WikipediaTests.java:19)
</error>
  </testcase>
  <testcase name="testImageDisplay" classname="WikipediaTests" time="0.003">
    <error message="Cannot invoke &quot;org.openqa.selenium.WebDriver.quit()&quot; because &quot;this.driver&quot; is null" type="java.lang.NullPointerException">java.lang.NullPointerException: Cannot invoke "org.openqa.selenium.WebDriver.quit()" because "this.driver" is null
	at WikipediaTests.tearDown(WikipediaTests.java:25)
</error>
  </testcase>
  <testcase name="testRevisionHistory" classname="WikipediaTests" time="0.001">
    <error message="The driver executable does not exist: /workspaces/test/demo/caminho/do/chromedriver" type="java.lang.IllegalStateException">java.lang.IllegalStateException: The driver executable does not exist: /workspaces/test/demo/caminho/do/chromedriver
	at WikipediaTests.setUp(WikipediaTests.java:19)
</error>
  </testcase>
  <testcase name="testRevisionHistory" classname="WikipediaTests" time="0.002">
    <error message="Cannot invoke &quot;org.openqa.selenium.WebDriver.quit()&quot; because &quot;this.driver&quot; is null" type="java.lang.NullPointerException">java.lang.NullPointerException: Cannot invoke "org.openqa.selenium.WebDriver.quit()" because "this.driver" is null
	at WikipediaTests.tearDown(WikipediaTests.java:25)
</error>
  </testcase>
  <testcase name="testCategoryNavigation" classname="WikipediaTests" time="0.002">
    <error message="The driver executable does not exist: /workspaces/test/demo/caminho/do/chromedriver" type="java.lang.IllegalStateException">java.lang.IllegalStateException: The driver executable does not exist: /workspaces/test/demo/caminho/do/chromedriver
	at WikipediaTests.setUp(WikipediaTests.java:19)
</error>
  </testcase>
  <testcase name="testCategoryNavigation" classname="WikipediaTests" time="0.003">
    <error message="Cannot invoke &quot;org.openqa.selenium.WebDriver.quit()&quot; because &quot;this.driver&quot; is null" type="java.lang.NullPointerException">java.lang.NullPointerException: Cannot invoke "org.openqa.selenium.WebDriver.quit()" because "this.driver" is null
	at WikipediaTests.tearDown(WikipediaTests.java:25)
</error>
  </testcase>
  <testcase name="testExternalLinksValidity" classname="WikipediaTests" time="0.001">
    <error message="The driver executable does not exist: /workspaces/test/demo/caminho/do/chromedriver" type="java.lang.IllegalStateException">java.lang.IllegalStateException: The driver executable does not exist: /workspaces/test/demo/caminho/do/chromedriver
	at WikipediaTests.setUp(WikipediaTests.java:19)
</error>
  </testcase>
  <testcase name="testExternalLinksValidity" classname="WikipediaTests" time="0.001">
    <error message="Cannot invoke &quot;org.openqa.selenium.WebDriver.quit()&quot; because &quot;this.driver&quot; is null" type="java.lang.NullPointerException">java.lang.NullPointerException: Cannot invoke "org.openqa.selenium.WebDriver.quit()" because "this.driver" is null
	at WikipediaTests.tearDown(WikipediaTests.java:25)
</error>
  </testcase>
  <testcase name="testAdvancedSearchFunctionality" classname="WikipediaTests" time="0.001">
    <error message="The driver executable does not exist: /workspaces/test/demo/caminho/do/chromedriver" type="java.lang.IllegalStateException">java.lang.IllegalStateException: The driver executable does not exist: /workspaces/test/demo/caminho/do/chromedriver
	at WikipediaTests.setUp(WikipediaTests.java:19)
</error>
  </testcase>
  <testcase name="testAdvancedSearchFunctionality" classname="WikipediaTests" time="0.002">
    <error message="Cannot invoke &quot;org.openqa.selenium.WebDriver.quit()&quot; because &quot;this.driver&quot; is null" type="java.lang.NullPointerException">java.lang.NullPointerException: Cannot invoke "org.openqa.selenium.WebDriver.quit()" because "this.driver" is null
	at WikipediaTests.tearDown(WikipediaTests.java:25)
</error>
  </testcase>
  <testcase name="testSidebarFunctionality" classname="WikipediaTests" time="0.001">
    <error message="The driver executable does not exist: /workspaces/test/demo/caminho/do/chromedriver" type="java.lang.IllegalStateException">java.lang.IllegalStateException: The driver executable does not exist: /workspaces/test/demo/caminho/do/chromedriver
	at WikipediaTests.setUp(WikipediaTests.java:19)
</error>
  </testcase>
  <testcase name="testSidebarFunctionality" classname="WikipediaTests" time="0.006">
    <error message="Cannot invoke &quot;org.openqa.selenium.WebDriver.quit()&quot; because &quot;this.driver&quot; is null" type="java.lang.NullPointerException">java.lang.NullPointerException: Cannot invoke "org.openqa.selenium.WebDriver.quit()" because "this.driver" is null
	at WikipediaTests.tearDown(WikipediaTests.java:25)
</error>
  </testcase>
</testsuite>